<?xml version='1.0' encoding='UTF-8'?>
<testsuite hostname="bruno-XPS-L421X" name="Lab5Spec" tests="36" errors="0" failures="0" time="0.067">
                     <properties>
[...]
</properties>
                     <testcase classname="Lab5Spec" name="TypeNeg should" time="0.011">
                                                 
                                               </testcase><testcase classname="Lab5Spec" name="DoNeg should negate values" time="0.015">
                                                 
                                               </testcase><testcase classname="Lab5Spec" name="DoNot should invert boolean values" time="0.001">
                                                 
                                               </testcase><testcase classname="Lab5Spec" name="DoSeq should produce second element in sequence" time="0.0">
                                                 
                                               </testcase><testcase classname="Lab5Spec" name="DoArith should sum numbers" time="0.0">
                                                 
                                               </testcase><testcase classname="Lab5Spec" name="DoPlusString should concat strings" time="0.0">
                                                 
                                               </testcase><testcase classname="Lab5Spec" name="DoInequalityNumber should compare according to specifications" time="0.001">
                                                 
                                               </testcase><testcase classname="Lab5Spec" name="DoInequalityString should compare according to specifications" time="0.0">
                                                 
                                               </testcase><testcase classname="Lab5Spec" name="DoEquality should compare according to specifications" time="0.001">
                                                 
                                               </testcase><testcase classname="Lab5Spec" name="DoAndTrue should not shortcircuiting boolean and" time="0.001">
                                                 
                                               </testcase><testcase classname="Lab5Spec" name="DoAndFalse should" time="0.001">
                                                 
                                               </testcase><testcase classname="Lab5Spec" name="DoOrTrue should" time="0.001">
                                                 
                                               </testcase><testcase classname="Lab5Spec" name="DoOrFalse should" time="0.001">
                                                 
                                               </testcase><testcase classname="Lab5Spec" name="DoIfTrue should" time="0.001">
                                                 
                                               </testcase><testcase classname="Lab5Spec" name="DoIfFalse should" time="0.0">
                                                 
                                               </testcase><testcase classname="Lab5Spec" name="DoObject should instantiate an object in memory" time="0.003">
                                                 
                                               </testcase><testcase classname="Lab5Spec" name="DoGetField should access a field from an object in memory" time="0.0">
                                                 
                                               </testcase><testcase classname="Lab5Spec" name="DoConst should " time="0.001">
                                                 
                                               </testcase><testcase classname="Lab5Spec" name="DoVar should declare a variable" time="0.0">
                                                 
                                               </testcase><testcase classname="Lab5Spec" name="DoDeref should " time="0.001">
                                                 
                                               </testcase><testcase classname="Lab5Spec" name="DoAssignVar should assign the variable to a value" time="0.001">
                                                 
                                               </testcase><testcase classname="Lab5Spec" name="DoAssignField should access a field from an object in memory" time="0.001">
                                                 
                                               </testcase><testcase classname="Lab5Spec" name="DoCall should" time="0.003">
                                                 
                                               </testcase><testcase classname="Lab5Spec" name="DoCallRec should" time="0.005">
                                                 
                                               </testcase><testcase classname="Lab5Spec" name="DoCallName should" time="0.006">
                                                 
                                               </testcase><testcase classname="Lab5Spec" name="DoCallRecName should" time="0.001">
                                                 
                                               </testcase><testcase classname="Lab5Spec" name="DoCallVar should" time="0.001">
                                                 
                                               </testcase><testcase classname="Lab5Spec" name="DoCallRecVar should" time="0.001">
                                                 
                                               </testcase><testcase classname="Lab5Spec" name="DoCast should" time="0.0">
                                                 
                                               </testcase><testcase classname="Lab5Spec" name="DoCastNull should" time="0.001">
                                                 
                                               </testcase><testcase classname="Lab5Spec" name="DoCastObj should" time="0.002">
                                                 
                                               </testcase><testcase classname="Lab5Spec" name="SearchDecl should step its declared value" time="0.001">
                                                 
                                               </testcase><testcase classname="Lab5Spec" name="SearchAssign1 should step the lhs" time="0.001">
                                                 
                                               </testcase><testcase classname="Lab5Spec" name="SearchAssign2 should step the rhs" time="0.001">
                                                 
                                               </testcase><testcase classname="Lab5Spec" name="SearchCall1 should step its function" time="0.001">
                                                 
                                               </testcase><testcase classname="Lab5Spec" name="mapFirstDoWith should map the first element where f returns Some" time="0.002">
                                                 
                                               </testcase>
                     <system-out></system-out>
                     <system-err></system-err>
                   </testsuite>